<?xml version="1.0" encoding="utf-8"?><testsuites name="pytest tests"><testsuite name="pytest" errors="0" failures="1" skipped="0" tests="17" time="9.832" timestamp="2026-06-20T08:58:26.071507+00:00" hostname="agent-env-ad7a21ea-a08a-4f64-b4b8-918f057494a6"><testcase classname="tests.test_configure_metrics.TestSuggestions" name="test_upload_returns_suggested_configs" time="1.511" /><testcase classname="tests.test_configure_metrics.TestSuggestions" name="test_heuristics_revenue_orders_sum" time="0.107" /><testcase classname="tests.test_configure_metrics.TestSuggestions" name="test_heuristics_cac_churn_mean" time="0.143" /><testcase classname="tests.test_configure_metrics.TestSuggestions" name="test_heuristic_id_columns_count" time="0.132" /><testcase classname="tests.test_configure_metrics.TestSuggestions" name="test_heuristic_boolean_column_sum" time="0.107" /><testcase classname="tests.test_configure_metrics.TestSuggestions" name="test_display_name_humanization" time="0.099" /><testcase classname="tests.test_configure_metrics.TestSaveWithConfigs" name="test_save_with_custom_configs" time="0.337" /><testcase classname="tests.test_configure_metrics.TestSaveWithConfigs" name="test_save_backward_compat_no_configs" time="0.296" /><testcase classname="tests.test_configure_metrics.TestSaveWithConfigs" name="test_calculation_correctness[sum-734000]" time="0.350" /><testcase classname="tests.test_configure_metrics.TestSaveWithConfigs" name="test_calculation_correctness[mean-61166.666666666664]" time="0.318" /><testcase classname="tests.test_configure_metrics.TestSaveWithConfigs" name="test_calculation_correctness[min-38000]" time="0.298" /><testcase classname="tests.test_configure_metrics.TestSaveWithConfigs" name="test_calculation_correctness[max-93000]" time="0.302" /><testcase classname="tests.test_configure_metrics.TestSaveWithConfigs" name="test_calculation_correctness[count-12]" time="0.297" /><testcase classname="tests.test_configure_metrics.TestSaveWithConfigs" name="test_calculation_correctness[growth--2.380952380952381]" time="0.596" /><testcase classname="tests.test_configure_metrics.TestSaveWithConfigs" name="test_calculation_correctness[latest-41000]" time="1.909" /><testcase classname="tests.test_configure_metrics.TestRemoveDuplicatesAtomicity" name="test_returns_new_upload_id" time="2.113" /><testcase classname="tests.test_configure_metrics.TestAnalyzeByColumnOrName" name="test_analyze_by_column_and_display_name" time="0.509"><failure message="AssertionError: analyze by column name should not 404&#10;assert 404 != 404&#10; +  where 404 = &lt;Response [404]&gt;.status_code">tests/test_configure_metrics.py:258: in test_analyze_by_column_and_display_name
    assert r1.status_code != 404, "analyze by column name should not 404"
E   AssertionError: analyze by column name should not 404
E   assert 404 != 404
E    +  where 404 = &lt;Response [404]&gt;.status_code</failure></testcase></testsuite></testsuites>