<?xml version="1.0" encoding="utf-8"?><testsuites name="pytest tests"><testsuite name="pytest" errors="0" failures="0" skipped="3" tests="70" time="80.871" timestamp="2026-06-20T08:59:36.708455+00:00" hostname="agent-env-ad7a21ea-a08a-4f64-b4b8-918f057494a6"><testcase classname="tests.backend_test" name="test_signup_new_user" time="0.352" /><testcase classname="tests.backend_test" name="test_signup_duplicate" time="0.045" /><testcase classname="tests.backend_test" name="test_login_success" time="0.306" /><testcase classname="tests.backend_test" name="test_login_invalid" time="0.472" /><testcase classname="tests.backend_test" name="test_auth_me" time="0.347" /><testcase classname="tests.backend_test" name="test_auth_me_no_token" time="0.054" /><testcase classname="tests.backend_test" name="test_sample_data" time="0.041" /><testcase classname="tests.backend_test" name="test_csv_upload_and_quality" time="0.049" /><testcase classname="tests.backend_test" name="test_csv_upload_invalid_extension" time="0.042" /><testcase classname="tests.backend_test" name="test_dataset_save_and_anomalies" time="0.297" /><testcase classname="tests.backend_test" name="test_datasets_list" time="0.448" /><testcase classname="tests.backend_test" name="test_dataset_delete" time="0.298" /><testcase classname="tests.backend_test" name="test_chat_stream" time="12.590" /><testcase classname="tests.backend_test" name="test_metric_analyze_stream" time="13.074" /><testcase classname="tests.backend_test" name="test_rename_dataset_success" time="0.315" /><testcase classname="tests.backend_test" name="test_rename_dataset_not_found" time="0.043" /><testcase classname="tests.backend_test" name="test_rename_dataset_requires_auth" time="0.042" /><testcase classname="tests.backend_test" name="test_remove_duplicates_success" time="0.094" /><testcase classname="tests.backend_test" name="test_remove_duplicates_no_dupes" time="0.090" /><testcase classname="tests.backend_test" name="test_remove_duplicates_requires_auth" time="0.080" /><testcase classname="tests.backend_test" name="test_remove_duplicates_unknown_upload_id" time="0.043" /><testcase classname="tests.backend_test" name="test_chat_save_and_get" time="0.320" /><testcase classname="tests.backend_test" name="test_chat_history_not_found_dataset" time="0.042" /><testcase classname="tests.backend_test" name="test_chat_history_requires_auth" time="0.041" /><testcase classname="tests.backend_test" name="test_chat_clear_history" time="0.478" /><testcase classname="tests.backend_test" name="test_delete_dataset_clears_chat" time="0.392" /><testcase classname="tests.backend_test" name="test_date_detection_inconsistent_format" time="0.046" /><testcase classname="tests.backend_test" name="test_date_detection_consistent_format" time="0.046" /><testcase classname="tests.backend_test" name="test_no_date_columns_when_absent" time="0.048" /><testcase classname="tests.backend_test" name="test_datasets_sorted_newest_first" time="0.952" /><testcase classname="tests.backend_test" name="test_mongodb_indexes_present" time="0.000"><skipped type="pytest.skip" message="MONGO_URL / DB_NAME not exposed to test env">/app/backend/tests/backend_test.py:462: MONGO_URL / DB_NAME not exposed to test env</skipped></testcase><testcase classname="tests.test_chunked_storage" name="test_large_csv_save_returns_200" time="5.226" /><testcase classname="tests.test_chunked_storage" name="test_metadata_has_only_50_preview_rows" time="0.195" /><testcase classname="tests.test_chunked_storage" name="test_paginated_rows_endpoint" time="0.067" /><testcase classname="tests.test_chunked_storage" name="test_paginated_rows_skip_0" time="0.069" /><testcase classname="tests.test_chunked_storage" name="test_paginated_rows_last_chunk" time="0.063" /><testcase classname="tests.test_chunked_storage" name="test_paginated_rows_cross_chunk_boundary" time="0.094" /><testcase classname="tests.test_chunked_storage" name="test_paginated_rows_requires_auth" time="0.046" /><testcase classname="tests.test_chunked_storage" name="test_paginated_rows_dataset_not_found" time="0.043" /><testcase classname="tests.test_chunked_storage" name="test_paginated_rows_limit_capped" time="0.165" /><testcase classname="tests.test_chunked_storage" name="test_upload_row_limit_50k_rejected" time="0.501" /><testcase classname="tests.test_chunked_storage" name="test_delete_large_dataset_cascade" time="0.604" /><testcase classname="tests.test_chunked_storage" name="test_chunked_storage_4_chunks_in_mongo" time="0.000"><skipped type="pytest.skip" message="MONGO_URL not exposed">/app/backend/tests/test_chunked_storage.py:227: MONGO_URL not exposed</skipped></testcase><testcase classname="tests.test_chunked_storage" name="test_backward_compat_small_csv_works" time="0.391" /><testcase classname="tests.test_configure_metrics.TestSuggestions" name="test_upload_returns_suggested_configs" time="0.763" /><testcase classname="tests.test_configure_metrics.TestSuggestions" name="test_heuristics_revenue_orders_sum" time="0.108" /><testcase classname="tests.test_configure_metrics.TestSuggestions" name="test_heuristics_cac_churn_mean" time="0.109" /><testcase classname="tests.test_configure_metrics.TestSuggestions" name="test_heuristic_id_columns_count" time="0.098" /><testcase classname="tests.test_configure_metrics.TestSuggestions" name="test_heuristic_boolean_column_sum" time="0.097" /><testcase classname="tests.test_configure_metrics.TestSuggestions" name="test_display_name_humanization" time="0.119" /><testcase classname="tests.test_configure_metrics.TestSaveWithConfigs" name="test_save_with_custom_configs" time="0.301" /><testcase classname="tests.test_configure_metrics.TestSaveWithConfigs" name="test_save_backward_compat_no_configs" time="0.303" /><testcase classname="tests.test_configure_metrics.TestSaveWithConfigs" name="test_calculation_correctness[sum-734000]" time="0.292" /><testcase classname="tests.test_configure_metrics.TestSaveWithConfigs" name="test_calculation_correctness[mean-61166.666666666664]" time="0.294" /><testcase classname="tests.test_configure_metrics.TestSaveWithConfigs" name="test_calculation_correctness[min-38000]" time="0.300" /><testcase classname="tests.test_configure_metrics.TestSaveWithConfigs" name="test_calculation_correctness[max-93000]" time="0.298" /><testcase classname="tests.test_configure_metrics.TestSaveWithConfigs" name="test_calculation_correctness[count-12]" time="0.299" /><testcase classname="tests.test_configure_metrics.TestSaveWithConfigs" name="test_calculation_correctness[growth--2.380952380952381]" time="0.302" /><testcase classname="tests.test_configure_metrics.TestSaveWithConfigs" name="test_calculation_correctness[latest-41000]" time="0.298" /><testcase classname="tests.test_configure_metrics.TestRemoveDuplicatesAtomicity" name="test_returns_new_upload_id" time="0.519" /><testcase classname="tests.test_configure_metrics.TestAnalyzeByColumnOrName" name="test_analyze_by_column_and_display_name" time="31.255" /><testcase classname="tests.test_upload_id_flow" name="test_upload_response_contains_no_cleaned_data" time="0.372" /><testcase classname="tests.test_upload_id_flow" name="test_upload_response_size_under_100kb_even_for_max_rows" time="3.641" /><testcase classname="tests.test_upload_id_flow" name="test_save_body_is_small" time="0.182" /><testcase classname="tests.test_upload_id_flow" name="test_save_unknown_upload_id_returns_404" time="0.042" /><testcase classname="tests.test_upload_id_flow" name="test_save_idempotency_409_on_second_save" time="0.220" /><testcase classname="tests.test_upload_id_flow" name="test_nan_in_numeric_column_returned_as_null" time="0.214" /><testcase classname="tests.test_upload_id_flow" name="test_rows_endpoint_excludes_draft_chunks_from_other_upload" time="0.091" /><testcase classname="tests.test_upload_id_flow" name="test_dataset_rows_has_ttl_index_on_draft" time="0.000"><skipped type="pytest.skip" message="MONGO_URL not in env">/app/backend/tests/test_upload_id_flow.py:205: MONGO_URL not in env</skipped></testcase><testcase classname="tests.test_upload_id_flow" name="test_paginated_rows_skip_15000_limit_3" time="1.056" /></testsuite></testsuites>