<?xml version="1.0" encoding="utf-8"?><testsuites name="pytest tests"><testsuite name="pytest" errors="0" failures="0" skipped="0" tests="14" time="24.570" timestamp="2026-06-20T04:57:32.087093+00:00" hostname="agent-env-ad7a21ea-a08a-4f64-b4b8-918f057494a6"><testcase classname="backend.tests.backend_test" name="test_signup_new_user" time="0.564" /><testcase classname="backend.tests.backend_test" name="test_signup_duplicate" time="0.044" /><testcase classname="backend.tests.backend_test" name="test_login_success" time="0.268" /><testcase classname="backend.tests.backend_test" name="test_login_invalid" time="0.268" /><testcase classname="backend.tests.backend_test" name="test_auth_me" time="0.319" /><testcase classname="backend.tests.backend_test" name="test_auth_me_no_token" time="0.048" /><testcase classname="backend.tests.backend_test" name="test_sample_data" time="0.044" /><testcase classname="backend.tests.backend_test" name="test_csv_upload_and_quality" time="0.147" /><testcase classname="backend.tests.backend_test" name="test_csv_upload_invalid_extension" time="0.046" /><testcase classname="backend.tests.backend_test" name="test_dataset_save_and_anomalies" time="1.157" /><testcase classname="backend.tests.backend_test" name="test_datasets_list" time="0.350" /><testcase classname="backend.tests.backend_test" name="test_dataset_delete" time="0.386" /><testcase classname="backend.tests.backend_test" name="test_chat_stream" time="8.910" /><testcase classname="backend.tests.backend_test" name="test_metric_analyze_stream" time="11.538" /></testsuite></testsuites>