<?xml version="1.0" encoding="utf-8"?><testsuites name="pytest tests"><testsuite name="pytest" errors="0" failures="0" skipped="3" tests="53" time="45.922" timestamp="2026-06-20T08:29:31.898982+00:00" hostname="agent-env-ad7a21ea-a08a-4f64-b4b8-918f057494a6"><testcase classname="backend_test" name="test_signup_new_user" time="0.466" /><testcase classname="backend_test" name="test_signup_duplicate" time="0.042" /><testcase classname="backend_test" name="test_login_success" time="0.305" /><testcase classname="backend_test" name="test_login_invalid" time="0.266" /><testcase classname="backend_test" name="test_auth_me" time="0.348" /><testcase classname="backend_test" name="test_auth_me_no_token" time="0.040" /><testcase classname="backend_test" name="test_sample_data" time="0.042" /><testcase classname="backend_test" name="test_csv_upload_and_quality" time="0.054" /><testcase classname="backend_test" name="test_csv_upload_invalid_extension" time="0.041" /><testcase classname="backend_test" name="test_dataset_save_and_anomalies" time="0.305" /><testcase classname="backend_test" name="test_datasets_list" time="0.321" /><testcase classname="backend_test" name="test_dataset_delete" time="0.339" /><testcase classname="backend_test" name="test_chat_stream" time="8.748" /><testcase classname="backend_test" name="test_metric_analyze_stream" time="17.881" /><testcase classname="backend_test" name="test_rename_dataset_success" time="0.382" /><testcase classname="backend_test" name="test_rename_dataset_not_found" time="0.043" /><testcase classname="backend_test" name="test_rename_dataset_requires_auth" time="0.052" /><testcase classname="backend_test" name="test_remove_duplicates_success" time="0.170" /><testcase classname="backend_test" name="test_remove_duplicates_no_dupes" time="0.089" /><testcase classname="backend_test" name="test_remove_duplicates_requires_auth" time="0.041" /><testcase classname="backend_test" name="test_remove_duplicates_unknown_upload_id" time="0.043" /><testcase classname="backend_test" name="test_chat_save_and_get" time="0.393" /><testcase classname="backend_test" name="test_chat_history_not_found_dataset" time="0.042" /><testcase classname="backend_test" name="test_chat_history_requires_auth" time="0.042" /><testcase classname="backend_test" name="test_chat_clear_history" time="0.488" /><testcase classname="backend_test" name="test_delete_dataset_clears_chat" time="0.466" /><testcase classname="backend_test" name="test_date_detection_inconsistent_format" time="0.087" /><testcase classname="backend_test" name="test_date_detection_consistent_format" time="0.044" /><testcase classname="backend_test" name="test_no_date_columns_when_absent" time="0.086" /><testcase classname="backend_test" name="test_datasets_sorted_newest_first" time="0.911" /><testcase classname="backend_test" name="test_mongodb_indexes_present" time="0.000"><skipped type="pytest.skip" message="MONGO_URL / DB_NAME not exposed to test env">/app/backend/tests/backend_test.py:462: MONGO_URL / DB_NAME not exposed to test env</skipped></testcase><testcase classname="test_chunked_storage" name="test_large_csv_save_returns_200" time="5.044" /><testcase classname="test_chunked_storage" name="test_metadata_has_only_50_preview_rows" time="0.225" /><testcase classname="test_chunked_storage" name="test_paginated_rows_endpoint" time="0.075" /><testcase classname="test_chunked_storage" name="test_paginated_rows_skip_0" time="0.075" /><testcase classname="test_chunked_storage" name="test_paginated_rows_last_chunk" time="0.073" /><testcase classname="test_chunked_storage" name="test_paginated_rows_cross_chunk_boundary" time="0.108" /><testcase classname="test_chunked_storage" name="test_paginated_rows_requires_auth" time="0.048" /><testcase classname="test_chunked_storage" name="test_paginated_rows_dataset_not_found" time="0.053" /><testcase classname="test_chunked_storage" name="test_paginated_rows_limit_capped" time="0.191" /><testcase classname="test_chunked_storage" name="test_upload_row_limit_50k_rejected" time="0.494" /><testcase classname="test_chunked_storage" name="test_delete_large_dataset_cascade" time="0.646" /><testcase classname="test_chunked_storage" name="test_chunked_storage_4_chunks_in_mongo" time="0.000"><skipped type="pytest.skip" message="MONGO_URL not exposed">/app/backend/tests/test_chunked_storage.py:227: MONGO_URL not exposed</skipped></testcase><testcase classname="test_chunked_storage" name="test_backward_compat_small_csv_works" time="0.351" /><testcase classname="test_upload_id_flow" name="test_upload_response_contains_no_cleaned_data" time="0.406" /><testcase classname="test_upload_id_flow" name="test_upload_response_size_under_100kb_even_for_max_rows" time="3.632" /><testcase classname="test_upload_id_flow" name="test_save_body_is_small" time="0.140" /><testcase classname="test_upload_id_flow" name="test_save_unknown_upload_id_returns_404" time="0.049" /><testcase classname="test_upload_id_flow" name="test_save_idempotency_409_on_second_save" time="0.186" /><testcase classname="test_upload_id_flow" name="test_nan_in_numeric_column_returned_as_null" time="0.136" /><testcase classname="test_upload_id_flow" name="test_rows_endpoint_excludes_draft_chunks_from_other_upload" time="0.094" /><testcase classname="test_upload_id_flow" name="test_dataset_rows_has_ttl_index_on_draft" time="0.000"><skipped type="pytest.skip" message="MONGO_URL not in env">/app/backend/tests/test_upload_id_flow.py:205: MONGO_URL not in env</skipped></testcase><testcase classname="test_upload_id_flow" name="test_paginated_rows_skip_15000_limit_3" time="0.959" /></testsuite></testsuites>